<?xml version="1.0" encoding="UTF-8"?>
<!-- Generated by org.testng.reporters.JUnitReportReporter -->
<testsuite skipped="0" hostname="DESKTOP-HQ74KQ8" name="com.qa.amazon.testcases.SignInPageTest" tests="2" failures="0" timestamp="2019-12-15T11:39:00 IST" time="70.955" errors="0">
  <testcase name="verifySignInPageTitleTest" time="23.303" classname="com.qa.amazon.testcases.SignInPageTest"/>
  <testcase name="loginTest" time="47.652" classname="com.qa.amazon.testcases.SignInPageTest"/>
</testsuite> <!-- com.qa.amazon.testcases.SignInPageTest -->
