<?xml version="1.0" encoding="UTF-8"?>
<!-- Generated by org.testng.reporters.JUnitReportReporter -->
<testsuite skipped="1" hostname="DESKTOP-HQ74KQ8" name="com.qa.amazon.testcases.HomePageTest" tests="2" failures="0" timestamp="2019-12-15T12:57:21 IST" time="121.958" errors="0">
  <testcase name="selectProductTest" time="121.958" classname="com.qa.amazon.testcases.HomePageTest"/>
  <testcase name="verifyHomePageLogoTest" classname="com.qa.amazon.testcases.HomePageTest">
    <skipped/>
  </testcase> <!-- verifyHomePageLogoTest -->
</testsuite> <!-- com.qa.amazon.testcases.HomePageTest -->
